{"numFailedTestSuites":2,"numFailedTests":19,"numPassedTestSuites":0,"numPassedTests":1,"numPendingTestSuites":0,"numPendingTests":0,"numRuntimeErrorTestSuites":0,"numTodoTests":0,"numTotalTestSuites":2,"numTotalTests":20,"openHandles":[],"snapshot":{"added":0,"didUpdate":false,"failure":false,"filesAdded":0,"filesRemoved":0,"filesRemovedList":[],"filesUnmatched":0,"filesUpdated":0,"matched":0,"total":0,"unchecked":0,"uncheckedKeysByFile":[],"unmatched":0,"updated":0},"startTime":1729273974344,"success":false,"testResults":[{"assertionResults":[{"ancestorTitles":["Parte 2: Métodos básicos de arrays"],"failureMessages":["Error: \u001b[2mexpect(\u001b[22m\u001b[31mreceived\u001b[39m\u001b[2m).\u001b[22mtoBe\u001b[2m(\u001b[22m\u001b[32mexpected\u001b[39m\u001b[2m) // Object.is equality\u001b[22m\n\nExpected: \u001b[32m3\u001b[39m\nReceived: \u001b[31mundefined\u001b[39m\n    at Object.<anonymous> (/workspaces/ejercicios-arrays/tests/parte2.test.js:16:42)\n    at Promise.then.completed (/workspaces/ejercicios-arrays/node_modules/jest-circus/build/utils.js:391:28)\n    at new Promise (<anonymous>)\n    at callAsyncCircusFn (/workspaces/ejercicios-arrays/node_modules/jest-circus/build/utils.js:316:10)\n    at _callCircusTest (/workspaces/ejercicios-arrays/node_modules/jest-circus/build/run.js:218:40)\n    at _runTest (/workspaces/ejercicios-arrays/node_modules/jest-circus/build/run.js:155:3)\n    at _runTestsForDescribeBlock (/workspaces/ejercicios-arrays/node_modules/jest-circus/build/run.js:66:9)\n    at _runTestsForDescribeBlock (/workspaces/ejercicios-arrays/node_modules/jest-circus/build/run.js:60:9)\n    at run (/workspaces/ejercicios-arrays/node_modules/jest-circus/build/run.js:25:3)\n    at runAndTransformResultsToJestFormat (/workspaces/ejercicios-arrays/node_modules/jest-circus/build/legacy-code-todo-rewrite/jestAdapterInit.js:170:21)"],"fullName":"Parte 2: Métodos básicos de arrays obtenerLongitud debe retornar la longitud del array","location":null,"status":"failed","title":"obtenerLongitud debe retornar la longitud del array"},{"ancestorTitles":["Parte 2: Métodos básicos de arrays"],"failureMessages":["Error: \u001b[2mexpect(\u001b[22m\u001b[31mreceived\u001b[39m\u001b[2m).\u001b[22mtoBe\u001b[2m(\u001b[22m\u001b[32mexpected\u001b[39m\u001b[2m) // Object.is equality\u001b[22m\n\nExpected: \u001b[32m4\u001b[39m\nReceived: \u001b[31mundefined\u001b[39m\n    at Object.<anonymous> (/workspaces/ejercicios-arrays/tests/parte2.test.js:21:41)\n    at Promise.then.completed (/workspaces/ejercicios-arrays/node_modules/jest-circus/build/utils.js:391:28)\n    at new Promise (<anonymous>)\n    at callAsyncCircusFn (/workspaces/ejercicios-arrays/node_modules/jest-circus/build/utils.js:316:10)\n    at _callCircusTest (/workspaces/ejercicios-arrays/node_modules/jest-circus/build/run.js:218:40)\n    at _runTest (/workspaces/ejercicios-arrays/node_modules/jest-circus/build/run.js:155:3)\n    at _runTestsForDescribeBlock (/workspaces/ejercicios-arrays/node_modules/jest-circus/build/run.js:66:9)\n    at _runTestsForDescribeBlock (/workspaces/ejercicios-arrays/node_modules/jest-circus/build/run.js:60:9)\n    at run (/workspaces/ejercicios-arrays/node_modules/jest-circus/build/run.js:25:3)\n    at runAndTransformResultsToJestFormat (/workspaces/ejercicios-arrays/node_modules/jest-circus/build/legacy-code-todo-rewrite/jestAdapterInit.js:170:21)"],"fullName":"Parte 2: Métodos básicos de arrays agregarAlFinal debe agregar elementos al final del array","location":null,"status":"failed","title":"agregarAlFinal debe agregar elementos al final del array"},{"ancestorTitles":["Parte 2: Métodos básicos de arrays"],"failureMessages":["Error: \u001b[2mexpect(\u001b[22m\u001b[31mreceived\u001b[39m\u001b[2m).\u001b[22mtoBe\u001b[2m(\u001b[22m\u001b[32mexpected\u001b[39m\u001b[2m) // Object.is equality\u001b[22m\n\nExpected: \u001b[32m3\u001b[39m\nReceived: \u001b[31mundefined\u001b[39m\n    at Object.<anonymous> (/workspaces/ejercicios-arrays/tests/parte2.test.js:27:35)\n    at Promise.then.completed (/workspaces/ejercicios-arrays/node_modules/jest-circus/build/utils.js:391:28)\n    at new Promise (<anonymous>)\n    at callAsyncCircusFn (/workspaces/ejercicios-arrays/node_modules/jest-circus/build/utils.js:316:10)\n    at _callCircusTest (/workspaces/ejercicios-arrays/node_modules/jest-circus/build/run.js:218:40)\n    at _runTest (/workspaces/ejercicios-arrays/node_modules/jest-circus/build/run.js:155:3)\n    at _runTestsForDescribeBlock (/workspaces/ejercicios-arrays/node_modules/jest-circus/build/run.js:66:9)\n    at _runTestsForDescribeBlock (/workspaces/ejercicios-arrays/node_modules/jest-circus/build/run.js:60:9)\n    at run (/workspaces/ejercicios-arrays/node_modules/jest-circus/build/run.js:25:3)\n    at runAndTransformResultsToJestFormat (/workspaces/ejercicios-arrays/node_modules/jest-circus/build/legacy-code-todo-rewrite/jestAdapterInit.js:170:21)"],"fullName":"Parte 2: Métodos básicos de arrays eliminarUltimo debe eliminar y retornar el último elemento","location":null,"status":"failed","title":"eliminarUltimo debe eliminar y retornar el último elemento"},{"ancestorTitles":["Parte 2: Métodos básicos de arrays"],"failureMessages":["Error: \u001b[2mexpect(\u001b[22m\u001b[31mreceived\u001b[39m\u001b[2m).\u001b[22mtoBe\u001b[2m(\u001b[22m\u001b[32mexpected\u001b[39m\u001b[2m) // Object.is equality\u001b[22m\n\nExpected: \u001b[32m4\u001b[39m\nReceived: \u001b[31mundefined\u001b[39m\n    at Object.<anonymous> (/workspaces/ejercicios-arrays/tests/parte2.test.js:33:45)\n    at Promise.then.completed (/workspaces/ejercicios-arrays/node_modules/jest-circus/build/utils.js:391:28)\n    at new Promise (<anonymous>)\n    at callAsyncCircusFn (/workspaces/ejercicios-arrays/node_modules/jest-circus/build/utils.js:316:10)\n    at _callCircusTest (/workspaces/ejercicios-arrays/node_modules/jest-circus/build/run.js:218:40)\n    at _runTest (/workspaces/ejercicios-arrays/node_modules/jest-circus/build/run.js:155:3)\n    at _runTestsForDescribeBlock (/workspaces/ejercicios-arrays/node_modules/jest-circus/build/run.js:66:9)\n    at _runTestsForDescribeBlock (/workspaces/ejercicios-arrays/node_modules/jest-circus/build/run.js:60:9)\n    at run (/workspaces/ejercicios-arrays/node_modules/jest-circus/build/run.js:25:3)\n    at runAndTransformResultsToJestFormat (/workspaces/ejercicios-arrays/node_modules/jest-circus/build/legacy-code-todo-rewrite/jestAdapterInit.js:170:21)"],"fullName":"Parte 2: Métodos básicos de arrays agregarAlPrincipio debe agregar elementos al principio del array","location":null,"status":"failed","title":"agregarAlPrincipio debe agregar elementos al principio del array"},{"ancestorTitles":["Parte 2: Métodos básicos de arrays"],"failureMessages":["Error: \u001b[2mexpect(\u001b[22m\u001b[31mreceived\u001b[39m\u001b[2m).\u001b[22mtoBe\u001b[2m(\u001b[22m\u001b[32mexpected\u001b[39m\u001b[2m) // Object.is equality\u001b[22m\n\nExpected: \u001b[32m1\u001b[39m\nReceived: \u001b[31mundefined\u001b[39m\n    at Object.<anonymous> (/workspaces/ejercicios-arrays/tests/parte2.test.js:39:36)\n    at Promise.then.completed (/workspaces/ejercicios-arrays/node_modules/jest-circus/build/utils.js:391:28)\n    at new Promise (<anonymous>)\n    at callAsyncCircusFn (/workspaces/ejercicios-arrays/node_modules/jest-circus/build/utils.js:316:10)\n    at _callCircusTest (/workspaces/ejercicios-arrays/node_modules/jest-circus/build/run.js:218:40)\n    at _runTest (/workspaces/ejercicios-arrays/node_modules/jest-circus/build/run.js:155:3)\n    at _runTestsForDescribeBlock (/workspaces/ejercicios-arrays/node_modules/jest-circus/build/run.js:66:9)\n    at _runTestsForDescribeBlock (/workspaces/ejercicios-arrays/node_modules/jest-circus/build/run.js:60:9)\n    at run (/workspaces/ejercicios-arrays/node_modules/jest-circus/build/run.js:25:3)\n    at runAndTransformResultsToJestFormat (/workspaces/ejercicios-arrays/node_modules/jest-circus/build/legacy-code-todo-rewrite/jestAdapterInit.js:170:21)"],"fullName":"Parte 2: Métodos básicos de arrays eliminarPrimero debe eliminar y retornar el primer elemento","location":null,"status":"failed","title":"eliminarPrimero debe eliminar y retornar el primer elemento"},{"ancestorTitles":["Parte 2: Métodos básicos de arrays"],"failureMessages":["Error: \u001b[2mexpect(\u001b[22m\u001b[31mreceived\u001b[39m\u001b[2m).\u001b[22mtoEqual\u001b[2m(\u001b[22m\u001b[32mexpected\u001b[39m\u001b[2m) // deep equality\u001b[22m\n\nExpected: \u001b[32m[2, 3, 4]\u001b[39m\nReceived: \u001b[31mundefined\u001b[39m\n    at Object.<anonymous> (/workspaces/ejercicios-arrays/tests/parte2.test.js:44:53)\n    at Promise.then.completed (/workspaces/ejercicios-arrays/node_modules/jest-circus/build/utils.js:391:28)\n    at new Promise (<anonymous>)\n    at callAsyncCircusFn (/workspaces/ejercicios-arrays/node_modules/jest-circus/build/utils.js:316:10)\n    at _callCircusTest (/workspaces/ejercicios-arrays/node_modules/jest-circus/build/run.js:218:40)\n    at _runTest (/workspaces/ejercicios-arrays/node_modules/jest-circus/build/run.js:155:3)\n    at _runTestsForDescribeBlock (/workspaces/ejercicios-arrays/node_modules/jest-circus/build/run.js:66:9)\n    at _runTestsForDescribeBlock (/workspaces/ejercicios-arrays/node_modules/jest-circus/build/run.js:60:9)\n    at run (/workspaces/ejercicios-arrays/node_modules/jest-circus/build/run.js:25:3)\n    at runAndTransformResultsToJestFormat (/workspaces/ejercicios-arrays/node_modules/jest-circus/build/legacy-code-todo-rewrite/jestAdapterInit.js:170:21)"],"fullName":"Parte 2: Métodos básicos de arrays obtenerPorcion debe retornar una porción del array","location":null,"status":"failed","title":"obtenerPorcion debe retornar una porción del array"},{"ancestorTitles":["Parte 2: Métodos básicos de arrays"],"failureMessages":["Error: \u001b[2mexpect(\u001b[22m\u001b[31mreceived\u001b[39m\u001b[2m).\u001b[22mtoBe\u001b[2m(\u001b[22m\u001b[32mexpected\u001b[39m\u001b[2m) // Object.is equality\u001b[22m\n\nExpected: \u001b[32m\"1-2-3\"\u001b[39m\nReceived: \u001b[31mundefined\u001b[39m\n    at Object.<anonymous> (/workspaces/ejercicios-arrays/tests/parte2.test.js:48:48)\n    at Promise.then.completed (/workspaces/ejercicios-arrays/node_modules/jest-circus/build/utils.js:391:28)\n    at new Promise (<anonymous>)\n    at callAsyncCircusFn (/workspaces/ejercicios-arrays/node_modules/jest-circus/build/utils.js:316:10)\n    at _callCircusTest (/workspaces/ejercicios-arrays/node_modules/jest-circus/build/run.js:218:40)\n    at _runTest (/workspaces/ejercicios-arrays/node_modules/jest-circus/build/run.js:155:3)\n    at _runTestsForDescribeBlock (/workspaces/ejercicios-arrays/node_modules/jest-circus/build/run.js:66:9)\n    at _runTestsForDescribeBlock (/workspaces/ejercicios-arrays/node_modules/jest-circus/build/run.js:60:9)\n    at run (/workspaces/ejercicios-arrays/node_modules/jest-circus/build/run.js:25:3)\n    at runAndTransformResultsToJestFormat (/workspaces/ejercicios-arrays/node_modules/jest-circus/build/legacy-code-todo-rewrite/jestAdapterInit.js:170:21)"],"fullName":"Parte 2: Métodos básicos de arrays convertirAString debe convertir el array a un string","location":null,"status":"failed","title":"convertirAString debe convertir el array a un string"},{"ancestorTitles":["Parte 2: Métodos básicos de arrays"],"failureMessages":["Error: \u001b[2mexpect(\u001b[22m\u001b[31mreceived\u001b[39m\u001b[2m).\u001b[22mtoEqual\u001b[2m(\u001b[22m\u001b[32mexpected\u001b[39m\u001b[2m) // deep equality\u001b[22m\n\nExpected: \u001b[32m[3, 4, 5]\u001b[39m\nReceived: \u001b[31mundefined\u001b[39m\n    at Object.<anonymous> (/workspaces/ejercicios-arrays/tests/parte2.test.js:52:50)\n    at Promise.then.completed (/workspaces/ejercicios-arrays/node_modules/jest-circus/build/utils.js:391:28)\n    at new Promise (<anonymous>)\n    at callAsyncCircusFn (/workspaces/ejercicios-arrays/node_modules/jest-circus/build/utils.js:316:10)\n    at _callCircusTest (/workspaces/ejercicios-arrays/node_modules/jest-circus/build/run.js:218:40)\n    at _runTest (/workspaces/ejercicios-arrays/node_modules/jest-circus/build/run.js:155:3)\n    at _runTestsForDescribeBlock (/workspaces/ejercicios-arrays/node_modules/jest-circus/build/run.js:66:9)\n    at _runTestsForDescribeBlock (/workspaces/ejercicios-arrays/node_modules/jest-circus/build/run.js:60:9)\n    at run (/workspaces/ejercicios-arrays/node_modules/jest-circus/build/run.js:25:3)\n    at runAndTransformResultsToJestFormat (/workspaces/ejercicios-arrays/node_modules/jest-circus/build/legacy-code-todo-rewrite/jestAdapterInit.js:170:21)"],"fullName":"Parte 2: Métodos básicos de arrays obtenerUltimos debe retornar los últimos n elementos","location":null,"status":"failed","title":"obtenerUltimos debe retornar los últimos n elementos"},{"ancestorTitles":["Parte 2: Métodos básicos de arrays"],"failureMessages":["Error: \u001b[2mexpect(\u001b[22m\u001b[31mreceived\u001b[39m\u001b[2m).\u001b[22mtoEqual\u001b[2m(\u001b[22m\u001b[32mexpected\u001b[39m\u001b[2m) // deep equality\u001b[22m\n\nExpected: \u001b[32m[1, 4, 5]\u001b[39m\nReceived: \u001b[31mundefined\u001b[39m\n    at Object.<anonymous> (/workspaces/ejercicios-arrays/tests/parte2.test.js:57:47)\n    at Promise.then.completed (/workspaces/ejercicios-arrays/node_modules/jest-circus/build/utils.js:391:28)\n    at new Promise (<anonymous>)\n    at callAsyncCircusFn (/workspaces/ejercicios-arrays/node_modules/jest-circus/build/utils.js:316:10)\n    at _callCircusTest (/workspaces/ejercicios-arrays/node_modules/jest-circus/build/run.js:218:40)\n    at _runTest (/workspaces/ejercicios-arrays/node_modules/jest-circus/build/run.js:155:3)\n    at _runTestsForDescribeBlock (/workspaces/ejercicios-arrays/node_modules/jest-circus/build/run.js:66:9)\n    at _runTestsForDescribeBlock (/workspaces/ejercicios-arrays/node_modules/jest-circus/build/run.js:60:9)\n    at run (/workspaces/ejercicios-arrays/node_modules/jest-circus/build/run.js:25:3)\n    at runAndTransformResultsToJestFormat (/workspaces/ejercicios-arrays/node_modules/jest-circus/build/legacy-code-todo-rewrite/jestAdapterInit.js:170:21)"],"fullName":"Parte 2: Métodos básicos de arrays eliminarSinModificar debe retornar una copia del array con elementos eliminados","location":null,"status":"failed","title":"eliminarSinModificar debe retornar una copia del array con elementos eliminados"},{"ancestorTitles":["Parte 2: Métodos básicos de arrays"],"failureMessages":["Error: \u001b[2mexpect(\u001b[22m\u001b[31mreceived\u001b[39m\u001b[2m).\u001b[22mtoBe\u001b[2m(\u001b[22m\u001b[32mexpected\u001b[39m\u001b[2m) // Object.is equality\u001b[22m\n\nExpected: \u001b[32m4\u001b[39m\nReceived: \u001b[31mundefined\u001b[39m\n    at Object.<anonymous> (/workspaces/ejercicios-arrays/tests/parte2.test.js:63:54)\n    at Promise.then.completed (/workspaces/ejercicios-arrays/node_modules/jest-circus/build/utils.js:391:28)\n    at new Promise (<anonymous>)\n    at callAsyncCircusFn (/workspaces/ejercicios-arrays/node_modules/jest-circus/build/utils.js:316:10)\n    at _callCircusTest (/workspaces/ejercicios-arrays/node_modules/jest-circus/build/run.js:218:40)\n    at _runTest (/workspaces/ejercicios-arrays/node_modules/jest-circus/build/run.js:155:3)\n    at _runTestsForDescribeBlock (/workspaces/ejercicios-arrays/node_modules/jest-circus/build/run.js:66:9)\n    at _runTestsForDescribeBlock (/workspaces/ejercicios-arrays/node_modules/jest-circus/build/run.js:60:9)\n    at run (/workspaces/ejercicios-arrays/node_modules/jest-circus/build/run.js:25:3)\n    at runAndTransformResultsToJestFormat (/workspaces/ejercicios-arrays/node_modules/jest-circus/build/legacy-code-todo-rewrite/jestAdapterInit.js:170:21)"],"fullName":"Parte 2: Métodos básicos de arrays agregarMultiplesAlPrincipio debe agregar múltiples elementos al principio","location":null,"status":"failed","title":"agregarMultiplesAlPrincipio debe agregar múltiples elementos al principio"}],"endTime":1729273974586,"message":"\u001b[1m\u001b[31m  \u001b[1m● \u001b[22m\u001b[1mParte 2: Métodos básicos de arrays › obtenerLongitud debe retornar la longitud del array\u001b[39m\u001b[22m\n\n    \u001b[2mexpect(\u001b[22m\u001b[31mreceived\u001b[39m\u001b[2m).\u001b[22mtoBe\u001b[2m(\u001b[22m\u001b[32mexpected\u001b[39m\u001b[2m) // Object.is equality\u001b[22m\n\n    Expected: \u001b[32m3\u001b[39m\n    Received: \u001b[31mundefined\u001b[39m\n\u001b[2m\u001b[22m\n\u001b[2m    \u001b[0m \u001b[90m 14 |\u001b[39m   describe(\u001b[32m'Parte 2: Métodos básicos de arrays'\u001b[39m\u001b[33m,\u001b[39m () \u001b[33m=>\u001b[39m {\u001b[22m\n\u001b[2m     \u001b[90m 15 |\u001b[39m     test(\u001b[32m'obtenerLongitud debe retornar la longitud del array'\u001b[39m\u001b[33m,\u001b[39m () \u001b[33m=>\u001b[39m {\u001b[22m\n\u001b[2m    \u001b[31m\u001b[1m>\u001b[22m\u001b[2m\u001b[39m\u001b[90m 16 |\u001b[39m       expect(obtenerLongitud([\u001b[35m1\u001b[39m\u001b[33m,\u001b[39m \u001b[35m2\u001b[39m\u001b[33m,\u001b[39m \u001b[35m3\u001b[39m]))\u001b[33m.\u001b[39mtoBe(\u001b[35m3\u001b[39m)\u001b[33m;\u001b[39m\u001b[22m\n\u001b[2m     \u001b[90m    |\u001b[39m                                          \u001b[31m\u001b[1m^\u001b[22m\u001b[2m\u001b[39m\u001b[22m\n\u001b[2m     \u001b[90m 17 |\u001b[39m     })\u001b[33m;\u001b[39m\u001b[22m\n\u001b[2m     \u001b[90m 18 |\u001b[39m   \u001b[22m\n\u001b[2m     \u001b[90m 19 |\u001b[39m     test(\u001b[32m'agregarAlFinal debe agregar elementos al final del array'\u001b[39m\u001b[33m,\u001b[39m () \u001b[33m=>\u001b[39m {\u001b[0m\u001b[22m\n\u001b[2m\u001b[22m\n\u001b[2m      \u001b[2mat Object.<anonymous> (\u001b[22m\u001b[2m\u001b[0m\u001b[36mtests/parte2.test.js\u001b[39m\u001b[0m\u001b[2m:16:42)\u001b[22m\u001b[2m\u001b[22m\n\n\u001b[1m\u001b[31m  \u001b[1m● \u001b[22m\u001b[1mParte 2: Métodos básicos de arrays › agregarAlFinal debe agregar elementos al final del array\u001b[39m\u001b[22m\n\n    \u001b[2mexpect(\u001b[22m\u001b[31mreceived\u001b[39m\u001b[2m).\u001b[22mtoBe\u001b[2m(\u001b[22m\u001b[32mexpected\u001b[39m\u001b[2m) // Object.is equality\u001b[22m\n\n    Expected: \u001b[32m4\u001b[39m\n    Received: \u001b[31mundefined\u001b[39m\n\u001b[2m\u001b[22m\n\u001b[2m    \u001b[0m \u001b[90m 19 |\u001b[39m     test(\u001b[32m'agregarAlFinal debe agregar elementos al final del array'\u001b[39m\u001b[33m,\u001b[39m () \u001b[33m=>\u001b[39m {\u001b[22m\n\u001b[2m     \u001b[90m 20 |\u001b[39m       \u001b[36mconst\u001b[39m arr \u001b[33m=\u001b[39m [\u001b[35m1\u001b[39m\u001b[33m,\u001b[39m \u001b[35m2\u001b[39m]\u001b[33m;\u001b[39m\u001b[22m\n\u001b[2m    \u001b[31m\u001b[1m>\u001b[22m\u001b[2m\u001b[39m\u001b[90m 21 |\u001b[39m       expect(agregarAlFinal(arr\u001b[33m,\u001b[39m \u001b[35m3\u001b[39m\u001b[33m,\u001b[39m \u001b[35m4\u001b[39m))\u001b[33m.\u001b[39mtoBe(\u001b[35m4\u001b[39m)\u001b[33m;\u001b[39m\u001b[22m\n\u001b[2m     \u001b[90m    |\u001b[39m                                         \u001b[31m\u001b[1m^\u001b[22m\u001b[2m\u001b[39m\u001b[22m\n\u001b[2m     \u001b[90m 22 |\u001b[39m       expect(arr)\u001b[33m.\u001b[39mtoEqual([\u001b[35m1\u001b[39m\u001b[33m,\u001b[39m \u001b[35m2\u001b[39m\u001b[33m,\u001b[39m \u001b[35m3\u001b[39m\u001b[33m,\u001b[39m \u001b[35m4\u001b[39m])\u001b[33m;\u001b[39m\u001b[22m\n\u001b[2m     \u001b[90m 23 |\u001b[39m     })\u001b[33m;\u001b[39m\u001b[22m\n\u001b[2m     \u001b[90m 24 |\u001b[39m   \u001b[0m\u001b[22m\n\u001b[2m\u001b[22m\n\u001b[2m      \u001b[2mat Object.<anonymous> (\u001b[22m\u001b[2m\u001b[0m\u001b[36mtests/parte2.test.js\u001b[39m\u001b[0m\u001b[2m:21:41)\u001b[22m\u001b[2m\u001b[22m\n\n\u001b[1m\u001b[31m  \u001b[1m● \u001b[22m\u001b[1mParte 2: Métodos básicos de arrays › eliminarUltimo debe eliminar y retornar el último elemento\u001b[39m\u001b[22m\n\n    \u001b[2mexpect(\u001b[22m\u001b[31mreceived\u001b[39m\u001b[2m).\u001b[22mtoBe\u001b[2m(\u001b[22m\u001b[32mexpected\u001b[39m\u001b[2m) // Object.is equality\u001b[22m\n\n    Expected: \u001b[32m3\u001b[39m\n    Received: \u001b[31mundefined\u001b[39m\n\u001b[2m\u001b[22m\n\u001b[2m    \u001b[0m \u001b[90m 25 |\u001b[39m     test(\u001b[32m'eliminarUltimo debe eliminar y retornar el último elemento'\u001b[39m\u001b[33m,\u001b[39m () \u001b[33m=>\u001b[39m {\u001b[22m\n\u001b[2m     \u001b[90m 26 |\u001b[39m       \u001b[36mconst\u001b[39m arr \u001b[33m=\u001b[39m [\u001b[35m1\u001b[39m\u001b[33m,\u001b[39m \u001b[35m2\u001b[39m\u001b[33m,\u001b[39m \u001b[35m3\u001b[39m]\u001b[33m;\u001b[39m\u001b[22m\n\u001b[2m    \u001b[31m\u001b[1m>\u001b[22m\u001b[2m\u001b[39m\u001b[90m 27 |\u001b[39m       expect(eliminarUltimo(arr))\u001b[33m.\u001b[39mtoBe(\u001b[35m3\u001b[39m)\u001b[33m;\u001b[39m\u001b[22m\n\u001b[2m     \u001b[90m    |\u001b[39m                                   \u001b[31m\u001b[1m^\u001b[22m\u001b[2m\u001b[39m\u001b[22m\n\u001b[2m     \u001b[90m 28 |\u001b[39m       expect(arr)\u001b[33m.\u001b[39mtoEqual([\u001b[35m1\u001b[39m\u001b[33m,\u001b[39m \u001b[35m2\u001b[39m])\u001b[33m;\u001b[39m\u001b[22m\n\u001b[2m     \u001b[90m 29 |\u001b[39m     })\u001b[33m;\u001b[39m\u001b[22m\n\u001b[2m     \u001b[90m 30 |\u001b[39m   \u001b[0m\u001b[22m\n\u001b[2m\u001b[22m\n\u001b[2m      \u001b[2mat Object.<anonymous> (\u001b[22m\u001b[2m\u001b[0m\u001b[36mtests/parte2.test.js\u001b[39m\u001b[0m\u001b[2m:27:35)\u001b[22m\u001b[2m\u001b[22m\n\n\u001b[1m\u001b[31m  \u001b[1m● \u001b[22m\u001b[1mParte 2: Métodos básicos de arrays › agregarAlPrincipio debe agregar elementos al principio del array\u001b[39m\u001b[22m\n\n    \u001b[2mexpect(\u001b[22m\u001b[31mreceived\u001b[39m\u001b[2m).\u001b[22mtoBe\u001b[2m(\u001b[22m\u001b[32mexpected\u001b[39m\u001b[2m) // Object.is equality\u001b[22m\n\n    Expected: \u001b[32m4\u001b[39m\n    Received: \u001b[31mundefined\u001b[39m\n\u001b[2m\u001b[22m\n\u001b[2m    \u001b[0m \u001b[90m 31 |\u001b[39m     test(\u001b[32m'agregarAlPrincipio debe agregar elementos al principio del array'\u001b[39m\u001b[33m,\u001b[39m () \u001b[33m=>\u001b[39m {\u001b[22m\n\u001b[2m     \u001b[90m 32 |\u001b[39m       \u001b[36mconst\u001b[39m arr \u001b[33m=\u001b[39m [\u001b[35m3\u001b[39m\u001b[33m,\u001b[39m \u001b[35m4\u001b[39m]\u001b[33m;\u001b[39m\u001b[22m\n\u001b[2m    \u001b[31m\u001b[1m>\u001b[22m\u001b[2m\u001b[39m\u001b[90m 33 |\u001b[39m       expect(agregarAlPrincipio(arr\u001b[33m,\u001b[39m \u001b[35m1\u001b[39m\u001b[33m,\u001b[39m \u001b[35m2\u001b[39m))\u001b[33m.\u001b[39mtoBe(\u001b[35m4\u001b[39m)\u001b[33m;\u001b[39m\u001b[22m\n\u001b[2m     \u001b[90m    |\u001b[39m                                             \u001b[31m\u001b[1m^\u001b[22m\u001b[2m\u001b[39m\u001b[22m\n\u001b[2m     \u001b[90m 34 |\u001b[39m       expect(arr)\u001b[33m.\u001b[39mtoEqual([\u001b[35m1\u001b[39m\u001b[33m,\u001b[39m \u001b[35m2\u001b[39m\u001b[33m,\u001b[39m \u001b[35m3\u001b[39m\u001b[33m,\u001b[39m \u001b[35m4\u001b[39m])\u001b[33m;\u001b[39m\u001b[22m\n\u001b[2m     \u001b[90m 35 |\u001b[39m     })\u001b[33m;\u001b[39m\u001b[22m\n\u001b[2m     \u001b[90m 36 |\u001b[39m   \u001b[0m\u001b[22m\n\u001b[2m\u001b[22m\n\u001b[2m      \u001b[2mat Object.<anonymous> (\u001b[22m\u001b[2m\u001b[0m\u001b[36mtests/parte2.test.js\u001b[39m\u001b[0m\u001b[2m:33:45)\u001b[22m\u001b[2m\u001b[22m\n\n\u001b[1m\u001b[31m  \u001b[1m● \u001b[22m\u001b[1mParte 2: Métodos básicos de arrays › eliminarPrimero debe eliminar y retornar el primer elemento\u001b[39m\u001b[22m\n\n    \u001b[2mexpect(\u001b[22m\u001b[31mreceived\u001b[39m\u001b[2m).\u001b[22mtoBe\u001b[2m(\u001b[22m\u001b[32mexpected\u001b[39m\u001b[2m) // Object.is equality\u001b[22m\n\n    Expected: \u001b[32m1\u001b[39m\n    Received: \u001b[31mundefined\u001b[39m\n\u001b[2m\u001b[22m\n\u001b[2m    \u001b[0m \u001b[90m 37 |\u001b[39m     test(\u001b[32m'eliminarPrimero debe eliminar y retornar el primer elemento'\u001b[39m\u001b[33m,\u001b[39m () \u001b[33m=>\u001b[39m {\u001b[22m\n\u001b[2m     \u001b[90m 38 |\u001b[39m       \u001b[36mconst\u001b[39m arr \u001b[33m=\u001b[39m [\u001b[35m1\u001b[39m\u001b[33m,\u001b[39m \u001b[35m2\u001b[39m\u001b[33m,\u001b[39m \u001b[35m3\u001b[39m]\u001b[33m;\u001b[39m\u001b[22m\n\u001b[2m    \u001b[31m\u001b[1m>\u001b[22m\u001b[2m\u001b[39m\u001b[90m 39 |\u001b[39m       expect(eliminarPrimero(arr))\u001b[33m.\u001b[39mtoBe(\u001b[35m1\u001b[39m)\u001b[33m;\u001b[39m\u001b[22m\n\u001b[2m     \u001b[90m    |\u001b[39m                                    \u001b[31m\u001b[1m^\u001b[22m\u001b[2m\u001b[39m\u001b[22m\n\u001b[2m     \u001b[90m 40 |\u001b[39m       expect(arr)\u001b[33m.\u001b[39mtoEqual([\u001b[35m2\u001b[39m\u001b[33m,\u001b[39m \u001b[35m3\u001b[39m])\u001b[33m;\u001b[39m\u001b[22m\n\u001b[2m     \u001b[90m 41 |\u001b[39m     })\u001b[33m;\u001b[39m\u001b[22m\n\u001b[2m     \u001b[90m 42 |\u001b[39m   \u001b[0m\u001b[22m\n\u001b[2m\u001b[22m\n\u001b[2m      \u001b[2mat Object.<anonymous> (\u001b[22m\u001b[2m\u001b[0m\u001b[36mtests/parte2.test.js\u001b[39m\u001b[0m\u001b[2m:39:36)\u001b[22m\u001b[2m\u001b[22m\n\n\u001b[1m\u001b[31m  \u001b[1m● \u001b[22m\u001b[1mParte 2: Métodos básicos de arrays › obtenerPorcion debe retornar una porción del array\u001b[39m\u001b[22m\n\n    \u001b[2mexpect(\u001b[22m\u001b[31mreceived\u001b[39m\u001b[2m).\u001b[22mtoEqual\u001b[2m(\u001b[22m\u001b[32mexpected\u001b[39m\u001b[2m) // deep equality\u001b[22m\n\n    Expected: \u001b[32m[2, 3, 4]\u001b[39m\n    Received: \u001b[31mundefined\u001b[39m\n\u001b[2m\u001b[22m\n\u001b[2m    \u001b[0m \u001b[90m 42 |\u001b[39m   \u001b[22m\n\u001b[2m     \u001b[90m 43 |\u001b[39m     test(\u001b[32m'obtenerPorcion debe retornar una porción del array'\u001b[39m\u001b[33m,\u001b[39m () \u001b[33m=>\u001b[39m {\u001b[22m\n\u001b[2m    \u001b[31m\u001b[1m>\u001b[22m\u001b[2m\u001b[39m\u001b[90m 44 |\u001b[39m       expect(obtenerPorcion([\u001b[35m1\u001b[39m\u001b[33m,\u001b[39m \u001b[35m2\u001b[39m\u001b[33m,\u001b[39m \u001b[35m3\u001b[39m\u001b[33m,\u001b[39m \u001b[35m4\u001b[39m\u001b[33m,\u001b[39m \u001b[35m5\u001b[39m]\u001b[33m,\u001b[39m \u001b[35m1\u001b[39m\u001b[33m,\u001b[39m \u001b[35m4\u001b[39m))\u001b[33m.\u001b[39mtoEqual([\u001b[35m2\u001b[39m\u001b[33m,\u001b[39m \u001b[35m3\u001b[39m\u001b[33m,\u001b[39m \u001b[35m4\u001b[39m])\u001b[33m;\u001b[39m\u001b[22m\n\u001b[2m     \u001b[90m    |\u001b[39m                                                     \u001b[31m\u001b[1m^\u001b[22m\u001b[2m\u001b[39m\u001b[22m\n\u001b[2m     \u001b[90m 45 |\u001b[39m     })\u001b[33m;\u001b[39m\u001b[22m\n\u001b[2m     \u001b[90m 46 |\u001b[39m   \u001b[22m\n\u001b[2m     \u001b[90m 47 |\u001b[39m     test(\u001b[32m'convertirAString debe convertir el array a un string'\u001b[39m\u001b[33m,\u001b[39m () \u001b[33m=>\u001b[39m {\u001b[0m\u001b[22m\n\u001b[2m\u001b[22m\n\u001b[2m      \u001b[2mat Object.<anonymous> (\u001b[22m\u001b[2m\u001b[0m\u001b[36mtests/parte2.test.js\u001b[39m\u001b[0m\u001b[2m:44:53)\u001b[22m\u001b[2m\u001b[22m\n\n\u001b[1m\u001b[31m  \u001b[1m● \u001b[22m\u001b[1mParte 2: Métodos básicos de arrays › convertirAString debe convertir el array a un string\u001b[39m\u001b[22m\n\n    \u001b[2mexpect(\u001b[22m\u001b[31mreceived\u001b[39m\u001b[2m).\u001b[22mtoBe\u001b[2m(\u001b[22m\u001b[32mexpected\u001b[39m\u001b[2m) // Object.is equality\u001b[22m\n\n    Expected: \u001b[32m\"1-2-3\"\u001b[39m\n    Received: \u001b[31mundefined\u001b[39m\n\u001b[2m\u001b[22m\n\u001b[2m    \u001b[0m \u001b[90m 46 |\u001b[39m   \u001b[22m\n\u001b[2m     \u001b[90m 47 |\u001b[39m     test(\u001b[32m'convertirAString debe convertir el array a un string'\u001b[39m\u001b[33m,\u001b[39m () \u001b[33m=>\u001b[39m {\u001b[22m\n\u001b[2m    \u001b[31m\u001b[1m>\u001b[22m\u001b[2m\u001b[39m\u001b[90m 48 |\u001b[39m       expect(convertirAString([\u001b[35m1\u001b[39m\u001b[33m,\u001b[39m \u001b[35m2\u001b[39m\u001b[33m,\u001b[39m \u001b[35m3\u001b[39m]\u001b[33m,\u001b[39m \u001b[32m'-'\u001b[39m))\u001b[33m.\u001b[39mtoBe(\u001b[32m'1-2-3'\u001b[39m)\u001b[33m;\u001b[39m\u001b[22m\n\u001b[2m     \u001b[90m    |\u001b[39m                                                \u001b[31m\u001b[1m^\u001b[22m\u001b[2m\u001b[39m\u001b[22m\n\u001b[2m     \u001b[90m 49 |\u001b[39m     })\u001b[33m;\u001b[39m\u001b[22m\n\u001b[2m     \u001b[90m 50 |\u001b[39m   \u001b[22m\n\u001b[2m     \u001b[90m 51 |\u001b[39m     test(\u001b[32m'obtenerUltimos debe retornar los últimos n elementos'\u001b[39m\u001b[33m,\u001b[39m () \u001b[33m=>\u001b[39m {\u001b[0m\u001b[22m\n\u001b[2m\u001b[22m\n\u001b[2m      \u001b[2mat Object.<anonymous> (\u001b[22m\u001b[2m\u001b[0m\u001b[36mtests/parte2.test.js\u001b[39m\u001b[0m\u001b[2m:48:48)\u001b[22m\u001b[2m\u001b[22m\n\n\u001b[1m\u001b[31m  \u001b[1m● \u001b[22m\u001b[1mParte 2: Métodos básicos de arrays › obtenerUltimos debe retornar los últimos n elementos\u001b[39m\u001b[22m\n\n    \u001b[2mexpect(\u001b[22m\u001b[31mreceived\u001b[39m\u001b[2m).\u001b[22mtoEqual\u001b[2m(\u001b[22m\u001b[32mexpected\u001b[39m\u001b[2m) // deep equality\u001b[22m\n\n    Expected: \u001b[32m[3, 4, 5]\u001b[39m\n    Received: \u001b[31mundefined\u001b[39m\n\u001b[2m\u001b[22m\n\u001b[2m    \u001b[0m \u001b[90m 50 |\u001b[39m   \u001b[22m\n\u001b[2m     \u001b[90m 51 |\u001b[39m     test(\u001b[32m'obtenerUltimos debe retornar los últimos n elementos'\u001b[39m\u001b[33m,\u001b[39m () \u001b[33m=>\u001b[39m {\u001b[22m\n\u001b[2m    \u001b[31m\u001b[1m>\u001b[22m\u001b[2m\u001b[39m\u001b[90m 52 |\u001b[39m       expect(obtenerUltimos([\u001b[35m1\u001b[39m\u001b[33m,\u001b[39m \u001b[35m2\u001b[39m\u001b[33m,\u001b[39m \u001b[35m3\u001b[39m\u001b[33m,\u001b[39m \u001b[35m4\u001b[39m\u001b[33m,\u001b[39m \u001b[35m5\u001b[39m]\u001b[33m,\u001b[39m \u001b[35m3\u001b[39m))\u001b[33m.\u001b[39mtoEqual([\u001b[35m3\u001b[39m\u001b[33m,\u001b[39m \u001b[35m4\u001b[39m\u001b[33m,\u001b[39m \u001b[35m5\u001b[39m])\u001b[33m;\u001b[39m\u001b[22m\n\u001b[2m     \u001b[90m    |\u001b[39m                                                  \u001b[31m\u001b[1m^\u001b[22m\u001b[2m\u001b[39m\u001b[22m\n\u001b[2m     \u001b[90m 53 |\u001b[39m     })\u001b[33m;\u001b[39m\u001b[22m\n\u001b[2m     \u001b[90m 54 |\u001b[39m   \u001b[22m\n\u001b[2m     \u001b[90m 55 |\u001b[39m     test(\u001b[32m'eliminarSinModificar debe retornar una copia del array con elementos eliminados'\u001b[39m\u001b[33m,\u001b[39m () \u001b[33m=>\u001b[39m {\u001b[0m\u001b[22m\n\u001b[2m\u001b[22m\n\u001b[2m      \u001b[2mat Object.<anonymous> (\u001b[22m\u001b[2m\u001b[0m\u001b[36mtests/parte2.test.js\u001b[39m\u001b[0m\u001b[2m:52:50)\u001b[22m\u001b[2m\u001b[22m\n\n\u001b[1m\u001b[31m  \u001b[1m● \u001b[22m\u001b[1mParte 2: Métodos básicos de arrays › eliminarSinModificar debe retornar una copia del array con elementos eliminados\u001b[39m\u001b[22m\n\n    \u001b[2mexpect(\u001b[22m\u001b[31mreceived\u001b[39m\u001b[2m).\u001b[22mtoEqual\u001b[2m(\u001b[22m\u001b[32mexpected\u001b[39m\u001b[2m) // deep equality\u001b[22m\n\n    Expected: \u001b[32m[1, 4, 5]\u001b[39m\n    Received: \u001b[31mundefined\u001b[39m\n\u001b[2m\u001b[22m\n\u001b[2m    \u001b[0m \u001b[90m 55 |\u001b[39m     test(\u001b[32m'eliminarSinModificar debe retornar una copia del array con elementos eliminados'\u001b[39m\u001b[33m,\u001b[39m () \u001b[33m=>\u001b[39m {\u001b[22m\n\u001b[2m     \u001b[90m 56 |\u001b[39m       \u001b[36mconst\u001b[39m arr \u001b[33m=\u001b[39m [\u001b[35m1\u001b[39m\u001b[33m,\u001b[39m \u001b[35m2\u001b[39m\u001b[33m,\u001b[39m \u001b[35m3\u001b[39m\u001b[33m,\u001b[39m \u001b[35m4\u001b[39m\u001b[33m,\u001b[39m \u001b[35m5\u001b[39m]\u001b[33m;\u001b[39m\u001b[22m\n\u001b[2m    \u001b[31m\u001b[1m>\u001b[22m\u001b[2m\u001b[39m\u001b[90m 57 |\u001b[39m       expect(eliminarSinModificar(arr\u001b[33m,\u001b[39m \u001b[35m1\u001b[39m\u001b[33m,\u001b[39m \u001b[35m2\u001b[39m))\u001b[33m.\u001b[39mtoEqual([\u001b[35m1\u001b[39m\u001b[33m,\u001b[39m \u001b[35m4\u001b[39m\u001b[33m,\u001b[39m \u001b[35m5\u001b[39m])\u001b[33m;\u001b[39m\u001b[22m\n\u001b[2m     \u001b[90m    |\u001b[39m                                               \u001b[31m\u001b[1m^\u001b[22m\u001b[2m\u001b[39m\u001b[22m\n\u001b[2m     \u001b[90m 58 |\u001b[39m       expect(arr)\u001b[33m.\u001b[39mtoEqual([\u001b[35m1\u001b[39m\u001b[33m,\u001b[39m \u001b[35m2\u001b[39m\u001b[33m,\u001b[39m \u001b[35m3\u001b[39m\u001b[33m,\u001b[39m \u001b[35m4\u001b[39m\u001b[33m,\u001b[39m \u001b[35m5\u001b[39m])\u001b[33m;\u001b[39m\u001b[22m\n\u001b[2m     \u001b[90m 59 |\u001b[39m     })\u001b[33m;\u001b[39m\u001b[22m\n\u001b[2m     \u001b[90m 60 |\u001b[39m   \u001b[0m\u001b[22m\n\u001b[2m\u001b[22m\n\u001b[2m      \u001b[2mat Object.<anonymous> (\u001b[22m\u001b[2m\u001b[0m\u001b[36mtests/parte2.test.js\u001b[39m\u001b[0m\u001b[2m:57:47)\u001b[22m\u001b[2m\u001b[22m\n\n\u001b[1m\u001b[31m  \u001b[1m● \u001b[22m\u001b[1mParte 2: Métodos básicos de arrays › agregarMultiplesAlPrincipio debe agregar múltiples elementos al principio\u001b[39m\u001b[22m\n\n    \u001b[2mexpect(\u001b[22m\u001b[31mreceived\u001b[39m\u001b[2m).\u001b[22mtoBe\u001b[2m(\u001b[22m\u001b[32mexpected\u001b[39m\u001b[2m) // Object.is equality\u001b[22m\n\n    Expected: \u001b[32m4\u001b[39m\n    Received: \u001b[31mundefined\u001b[39m\n\u001b[2m\u001b[22m\n\u001b[2m    \u001b[0m \u001b[90m 61 |\u001b[39m     test(\u001b[32m'agregarMultiplesAlPrincipio debe agregar múltiples elementos al principio'\u001b[39m\u001b[33m,\u001b[39m () \u001b[33m=>\u001b[39m {\u001b[22m\n\u001b[2m     \u001b[90m 62 |\u001b[39m       \u001b[36mconst\u001b[39m arr \u001b[33m=\u001b[39m [\u001b[35m3\u001b[39m\u001b[33m,\u001b[39m \u001b[35m4\u001b[39m]\u001b[33m;\u001b[39m\u001b[22m\n\u001b[2m    \u001b[31m\u001b[1m>\u001b[22m\u001b[2m\u001b[39m\u001b[90m 63 |\u001b[39m       expect(agregarMultiplesAlPrincipio(arr\u001b[33m,\u001b[39m \u001b[35m1\u001b[39m\u001b[33m,\u001b[39m \u001b[35m2\u001b[39m))\u001b[33m.\u001b[39mtoBe(\u001b[35m4\u001b[39m)\u001b[33m;\u001b[39m\u001b[22m\n\u001b[2m     \u001b[90m    |\u001b[39m                                                      \u001b[31m\u001b[1m^\u001b[22m\u001b[2m\u001b[39m\u001b[22m\n\u001b[2m     \u001b[90m 64 |\u001b[39m       expect(arr)\u001b[33m.\u001b[39mtoEqual([\u001b[35m1\u001b[39m\u001b[33m,\u001b[39m \u001b[35m2\u001b[39m\u001b[33m,\u001b[39m \u001b[35m3\u001b[39m\u001b[33m,\u001b[39m \u001b[35m4\u001b[39m])\u001b[33m;\u001b[39m\u001b[22m\n\u001b[2m     \u001b[90m 65 |\u001b[39m     })\u001b[33m;\u001b[39m\u001b[22m\n\u001b[2m     \u001b[90m 66 |\u001b[39m   })\u001b[33m;\u001b[39m\u001b[0m\u001b[22m\n\u001b[2m\u001b[22m\n\u001b[2m      \u001b[2mat Object.<anonymous> (\u001b[22m\u001b[2m\u001b[0m\u001b[36mtests/parte2.test.js\u001b[39m\u001b[0m\u001b[2m:63:54)\u001b[22m\u001b[2m\u001b[22m\n","name":"/workspaces/ejercicios-arrays/tests/parte2.test.js","startTime":1729273974366,"status":"failed","summary":""},{"assertionResults":[{"ancestorTitles":["Parte 1: Introducción a los arrays"],"failureMessages":[],"fullName":"Parte 1: Introducción a los arrays crearArrayVacio debe retornar un array vacío","location":null,"status":"passed","title":"crearArrayVacio debe retornar un array vacío"},{"ancestorTitles":["Parte 1: Introducción a los arrays"],"failureMessages":["Error: \u001b[2mexpect(\u001b[22m\u001b[31mreceived\u001b[39m\u001b[2m).\u001b[22mtoEqual\u001b[2m(\u001b[22m\u001b[32mexpected\u001b[39m\u001b[2m) // deep equality\u001b[22m\n\nExpected: \u001b[32m[1, \"dos\", true]\u001b[39m\nReceived: \u001b[31mundefined\u001b[39m\n    at Object.<anonymous> (/workspaces/ejercicios-arrays/tests/parte1.test.js:20:54)\n    at Promise.then.completed (/workspaces/ejercicios-arrays/node_modules/jest-circus/build/utils.js:391:28)\n    at new Promise (<anonymous>)\n    at callAsyncCircusFn (/workspaces/ejercicios-arrays/node_modules/jest-circus/build/utils.js:316:10)\n    at _callCircusTest (/workspaces/ejercicios-arrays/node_modules/jest-circus/build/run.js:218:40)\n    at _runTest (/workspaces/ejercicios-arrays/node_modules/jest-circus/build/run.js:155:3)\n    at _runTestsForDescribeBlock (/workspaces/ejercicios-arrays/node_modules/jest-circus/build/run.js:66:9)\n    at _runTestsForDescribeBlock (/workspaces/ejercicios-arrays/node_modules/jest-circus/build/run.js:60:9)\n    at run (/workspaces/ejercicios-arrays/node_modules/jest-circus/build/run.js:25:3)\n    at runAndTransformResultsToJestFormat (/workspaces/ejercicios-arrays/node_modules/jest-circus/build/legacy-code-todo-rewrite/jestAdapterInit.js:170:21)"],"fullName":"Parte 1: Introducción a los arrays crearArrayConElementos debe crear un array con los elementos proporcionados","location":null,"status":"failed","title":"crearArrayConElementos debe crear un array con los elementos proporcionados"},{"ancestorTitles":["Parte 1: Introducción a los arrays"],"failureMessages":["Error: \u001b[2mexpect(\u001b[22m\u001b[31mreceived\u001b[39m\u001b[2m).\u001b[22mtoHaveLength\u001b[2m(\u001b[22m\u001b[32mexpected\u001b[39m\u001b[2m)\u001b[22m\n\n\u001b[1mMatcher error\u001b[22m: \u001b[31mreceived\u001b[39m value must have a length property whose value must be a number\n\nReceived has value: \u001b[31mundefined\u001b[39m\n    at Object.<anonymous> (/workspaces/ejercicios-arrays/tests/parte1.test.js:25:25)\n    at Promise.then.completed (/workspaces/ejercicios-arrays/node_modules/jest-circus/build/utils.js:391:28)\n    at new Promise (<anonymous>)\n    at callAsyncCircusFn (/workspaces/ejercicios-arrays/node_modules/jest-circus/build/utils.js:316:10)\n    at _callCircusTest (/workspaces/ejercicios-arrays/node_modules/jest-circus/build/run.js:218:40)\n    at _runTest (/workspaces/ejercicios-arrays/node_modules/jest-circus/build/run.js:155:3)\n    at _runTestsForDescribeBlock (/workspaces/ejercicios-arrays/node_modules/jest-circus/build/run.js:66:9)\n    at _runTestsForDescribeBlock (/workspaces/ejercicios-arrays/node_modules/jest-circus/build/run.js:60:9)\n    at run (/workspaces/ejercicios-arrays/node_modules/jest-circus/build/run.js:25:3)\n    at runAndTransformResultsToJestFormat (/workspaces/ejercicios-arrays/node_modules/jest-circus/build/legacy-code-todo-rewrite/jestAdapterInit.js:170:21)"],"fullName":"Parte 1: Introducción a los arrays crearArrayMixto debe crear un array con diferentes tipos de datos","location":null,"status":"failed","title":"crearArrayMixto debe crear un array con diferentes tipos de datos"},{"ancestorTitles":["Parte 1: Introducción a los arrays"],"failureMessages":["Error: \u001b[2mexpect(\u001b[22m\u001b[31mreceived\u001b[39m\u001b[2m).\u001b[22mtoHaveLength\u001b[2m(\u001b[22m\u001b[32mexpected\u001b[39m\u001b[2m)\u001b[22m\n\n\u001b[1mMatcher error\u001b[22m: \u001b[31mreceived\u001b[39m value must have a length property whose value must be a number\n\nReceived has value: \u001b[31mundefined\u001b[39m\n    at Object.<anonymous> (/workspaces/ejercicios-arrays/tests/parte1.test.js:30:40)\n    at Promise.then.completed (/workspaces/ejercicios-arrays/node_modules/jest-circus/build/utils.js:391:28)\n    at new Promise (<anonymous>)\n    at callAsyncCircusFn (/workspaces/ejercicios-arrays/node_modules/jest-circus/build/utils.js:316:10)\n    at _callCircusTest (/workspaces/ejercicios-arrays/node_modules/jest-circus/build/run.js:218:40)\n    at _runTest (/workspaces/ejercicios-arrays/node_modules/jest-circus/build/run.js:155:3)\n    at _runTestsForDescribeBlock (/workspaces/ejercicios-arrays/node_modules/jest-circus/build/run.js:66:9)\n    at _runTestsForDescribeBlock (/workspaces/ejercicios-arrays/node_modules/jest-circus/build/run.js:60:9)\n    at run (/workspaces/ejercicios-arrays/node_modules/jest-circus/build/run.js:25:3)\n    at runAndTransformResultsToJestFormat (/workspaces/ejercicios-arrays/node_modules/jest-circus/build/legacy-code-todo-rewrite/jestAdapterInit.js:170:21)"],"fullName":"Parte 1: Introducción a los arrays crearArrayConstructor debe crear un array con la longitud especificada","location":null,"status":"failed","title":"crearArrayConstructor debe crear un array con la longitud especificada"},{"ancestorTitles":["Parte 1: Introducción a los arrays"],"failureMessages":["Error: \u001b[2mexpect(\u001b[22m\u001b[31mreceived\u001b[39m\u001b[2m).\u001b[22mtoEqual\u001b[2m(\u001b[22m\u001b[32mexpected\u001b[39m\u001b[2m) // deep equality\u001b[22m\n\nExpected: \u001b[32m[1, 2, 3, 4, 5]\u001b[39m\nReceived: \u001b[31mundefined\u001b[39m\n    at Object.<anonymous> (/workspaces/ejercicios-arrays/tests/parte1.test.js:34:44)\n    at Promise.then.completed (/workspaces/ejercicios-arrays/node_modules/jest-circus/build/utils.js:391:28)\n    at new Promise (<anonymous>)\n    at callAsyncCircusFn (/workspaces/ejercicios-arrays/node_modules/jest-circus/build/utils.js:316:10)\n    at _callCircusTest (/workspaces/ejercicios-arrays/node_modules/jest-circus/build/run.js:218:40)\n    at _runTest (/workspaces/ejercicios-arrays/node_modules/jest-circus/build/run.js:155:3)\n    at _runTestsForDescribeBlock (/workspaces/ejercicios-arrays/node_modules/jest-circus/build/run.js:66:9)\n    at _runTestsForDescribeBlock (/workspaces/ejercicios-arrays/node_modules/jest-circus/build/run.js:60:9)\n    at run (/workspaces/ejercicios-arrays/node_modules/jest-circus/build/run.js:25:3)\n    at runAndTransformResultsToJestFormat (/workspaces/ejercicios-arrays/node_modules/jest-circus/build/legacy-code-todo-rewrite/jestAdapterInit.js:170:21)"],"fullName":"Parte 1: Introducción a los arrays crearSecuenciaNumerica debe crear un array con la secuencia especificada","location":null,"status":"failed","title":"crearSecuenciaNumerica debe crear un array con la secuencia especificada"},{"ancestorTitles":["Parte 1: Introducción a los arrays"],"failureMessages":["Error: \u001b[2mexpect(\u001b[22m\u001b[31mreceived\u001b[39m\u001b[2m).\u001b[22mtoEqual\u001b[2m(\u001b[22m\u001b[32mexpected\u001b[39m\u001b[2m) // deep equality\u001b[22m\n\nExpected: \u001b[32m[\"a\", \"a\", \"a\"]\u001b[39m\nReceived: \u001b[31mundefined\u001b[39m\n    at Object.<anonymous> (/workspaces/ejercicios-arrays/tests/parte1.test.js:38:42)\n    at Promise.then.completed (/workspaces/ejercicios-arrays/node_modules/jest-circus/build/utils.js:391:28)\n    at new Promise (<anonymous>)\n    at callAsyncCircusFn (/workspaces/ejercicios-arrays/node_modules/jest-circus/build/utils.js:316:10)\n    at _callCircusTest (/workspaces/ejercicios-arrays/node_modules/jest-circus/build/run.js:218:40)\n    at _runTest (/workspaces/ejercicios-arrays/node_modules/jest-circus/build/run.js:155:3)\n    at _runTestsForDescribeBlock (/workspaces/ejercicios-arrays/node_modules/jest-circus/build/run.js:66:9)\n    at _runTestsForDescribeBlock (/workspaces/ejercicios-arrays/node_modules/jest-circus/build/run.js:60:9)\n    at run (/workspaces/ejercicios-arrays/node_modules/jest-circus/build/run.js:25:3)\n    at runAndTransformResultsToJestFormat (/workspaces/ejercicios-arrays/node_modules/jest-circus/build/legacy-code-todo-rewrite/jestAdapterInit.js:170:21)"],"fullName":"Parte 1: Introducción a los arrays crearArrayRepetido debe crear un array con el valor repetido","location":null,"status":"failed","title":"crearArrayRepetido debe crear un array con el valor repetido"},{"ancestorTitles":["Parte 1: Introducción a los arrays"],"failureMessages":["Error: \u001b[2mexpect(\u001b[22m\u001b[31mreceived\u001b[39m\u001b[2m).\u001b[22mtoEqual\u001b[2m(\u001b[22m\u001b[32mexpected\u001b[39m\u001b[2m) // deep equality\u001b[22m\n\nExpected: \u001b[32m[\"a\", \"b\", \"c\"]\u001b[39m\nReceived: \u001b[31mundefined\u001b[39m\n    at Object.<anonymous> (/workspaces/ejercicios-arrays/tests/parte1.test.js:42:51)\n    at Promise.then.completed (/workspaces/ejercicios-arrays/node_modules/jest-circus/build/utils.js:391:28)\n    at new Promise (<anonymous>)\n    at callAsyncCircusFn (/workspaces/ejercicios-arrays/node_modules/jest-circus/build/utils.js:316:10)\n    at _callCircusTest (/workspaces/ejercicios-arrays/node_modules/jest-circus/build/run.js:218:40)\n    at _runTest (/workspaces/ejercicios-arrays/node_modules/jest-circus/build/run.js:155:3)\n    at _runTestsForDescribeBlock (/workspaces/ejercicios-arrays/node_modules/jest-circus/build/run.js:66:9)\n    at _runTestsForDescribeBlock (/workspaces/ejercicios-arrays/node_modules/jest-circus/build/run.js:60:9)\n    at run (/workspaces/ejercicios-arrays/node_modules/jest-circus/build/run.js:25:3)\n    at runAndTransformResultsToJestFormat (/workspaces/ejercicios-arrays/node_modules/jest-circus/build/legacy-code-todo-rewrite/jestAdapterInit.js:170:21)"],"fullName":"Parte 1: Introducción a los arrays crearArrayDesdeCadena debe crear un array a partir de una cadena","location":null,"status":"failed","title":"crearArrayDesdeCadena debe crear un array a partir de una cadena"},{"ancestorTitles":["Parte 1: Introducción a los arrays"],"failureMessages":["Error: \u001b[2mexpect(\u001b[22m\u001b[31mreceived\u001b[39m\u001b[2m).\u001b[22mtoEqual\u001b[2m(\u001b[22m\u001b[32mexpected\u001b[39m\u001b[2m) // deep equality\u001b[22m\n\nExpected: \u001b[32m[1, 2, 3, 4]\u001b[39m\nReceived: \u001b[31mundefined\u001b[39m\n    at Object.<anonymous> (/workspaces/ejercicios-arrays/tests/parte1.test.js:46:46)\n    at Promise.then.completed (/workspaces/ejercicios-arrays/node_modules/jest-circus/build/utils.js:391:28)\n    at new Promise (<anonymous>)\n    at callAsyncCircusFn (/workspaces/ejercicios-arrays/node_modules/jest-circus/build/utils.js:316:10)\n    at _callCircusTest (/workspaces/ejercicios-arrays/node_modules/jest-circus/build/run.js:218:40)\n    at _runTest (/workspaces/ejercicios-arrays/node_modules/jest-circus/build/run.js:155:3)\n    at _runTestsForDescribeBlock (/workspaces/ejercicios-arrays/node_modules/jest-circus/build/run.js:66:9)\n    at _runTestsForDescribeBlock (/workspaces/ejercicios-arrays/node_modules/jest-circus/build/run.js:60:9)\n    at run (/workspaces/ejercicios-arrays/node_modules/jest-circus/build/run.js:25:3)\n    at runAndTransformResultsToJestFormat (/workspaces/ejercicios-arrays/node_modules/jest-circus/build/legacy-code-todo-rewrite/jestAdapterInit.js:170:21)"],"fullName":"Parte 1: Introducción a los arrays combinarArrays debe combinar dos arrays","location":null,"status":"failed","title":"combinarArrays debe combinar dos arrays"},{"ancestorTitles":["Parte 1: Introducción a los arrays"],"failureMessages":["Error: \u001b[2mexpect(\u001b[22m\u001b[31mreceived\u001b[39m\u001b[2m).\u001b[22mtoEqual\u001b[2m(\u001b[22m\u001b[32mexpected\u001b[39m\u001b[2m) // deep equality\u001b[22m\n\nExpected: \u001b[32m[1, 2, 3, 4]\u001b[39m\nReceived: \u001b[31mundefined\u001b[39m\n    at Object.<anonymous> (/workspaces/ejercicios-arrays/tests/parte1.test.js:50:51)\n    at Promise.then.completed (/workspaces/ejercicios-arrays/node_modules/jest-circus/build/utils.js:391:28)\n    at new Promise (<anonymous>)\n    at callAsyncCircusFn (/workspaces/ejercicios-arrays/node_modules/jest-circus/build/utils.js:316:10)\n    at _callCircusTest (/workspaces/ejercicios-arrays/node_modules/jest-circus/build/run.js:218:40)\n    at _runTest (/workspaces/ejercicios-arrays/node_modules/jest-circus/build/run.js:155:3)\n    at _runTestsForDescribeBlock (/workspaces/ejercicios-arrays/node_modules/jest-circus/build/run.js:66:9)\n    at _runTestsForDescribeBlock (/workspaces/ejercicios-arrays/node_modules/jest-circus/build/run.js:60:9)\n    at run (/workspaces/ejercicios-arrays/node_modules/jest-circus/build/run.js:25:3)\n    at runAndTransformResultsToJestFormat (/workspaces/ejercicios-arrays/node_modules/jest-circus/build/legacy-code-todo-rewrite/jestAdapterInit.js:170:21)"],"fullName":"Parte 1: Introducción a los arrays crearArrayUnico debe crear un array con valores únicos","location":null,"status":"failed","title":"crearArrayUnico debe crear un array con valores únicos"},{"ancestorTitles":["Parte 1: Introducción a los arrays"],"failureMessages":["Error: \u001b[2mexpect(\u001b[22m\u001b[31mreceived\u001b[39m\u001b[2m).\u001b[22mtoEqual\u001b[2m(\u001b[22m\u001b[32mexpected\u001b[39m\u001b[2m) // deep equality\u001b[22m\n\nExpected: \u001b[32m[0, 2, 4, 6, 8]\u001b[39m\nReceived: \u001b[31mundefined\u001b[39m\n    at Object.<anonymous> (/workspaces/ejercicios-arrays/tests/parte1.test.js:55:25)\n    at Promise.then.completed (/workspaces/ejercicios-arrays/node_modules/jest-circus/build/utils.js:391:28)\n    at new Promise (<anonymous>)\n    at callAsyncCircusFn (/workspaces/ejercicios-arrays/node_modules/jest-circus/build/utils.js:316:10)\n    at _callCircusTest (/workspaces/ejercicios-arrays/node_modules/jest-circus/build/run.js:218:40)\n    at _runTest (/workspaces/ejercicios-arrays/node_modules/jest-circus/build/run.js:155:3)\n    at _runTestsForDescribeBlock (/workspaces/ejercicios-arrays/node_modules/jest-circus/build/run.js:66:9)\n    at _runTestsForDescribeBlock (/workspaces/ejercicios-arrays/node_modules/jest-circus/build/run.js:60:9)\n    at run (/workspaces/ejercicios-arrays/node_modules/jest-circus/build/run.js:25:3)\n    at runAndTransformResultsToJestFormat (/workspaces/ejercicios-arrays/node_modules/jest-circus/build/legacy-code-todo-rewrite/jestAdapterInit.js:170:21)"],"fullName":"Parte 1: Introducción a los arrays generarArrayDinamico debe crear un array con valores generados dinámicamente","location":null,"status":"failed","title":"generarArrayDinamico debe crear un array con valores generados dinámicamente"}],"endTime":1729273974662,"message":"\u001b[1m\u001b[31m  \u001b[1m● \u001b[22m\u001b[1mParte 1: Introducción a los arrays › crearArrayConElementos debe crear un array con los elementos proporcionados\u001b[39m\u001b[22m\n\n    \u001b[2mexpect(\u001b[22m\u001b[31mreceived\u001b[39m\u001b[2m).\u001b[22mtoEqual\u001b[2m(\u001b[22m\u001b[32mexpected\u001b[39m\u001b[2m) // deep equality\u001b[22m\n\n    Expected: \u001b[32m[1, \"dos\", true]\u001b[39m\n    Received: \u001b[31mundefined\u001b[39m\n\u001b[2m\u001b[22m\n\u001b[2m    \u001b[0m \u001b[90m 18 |\u001b[39m   \u001b[22m\n\u001b[2m     \u001b[90m 19 |\u001b[39m     test(\u001b[32m'crearArrayConElementos debe crear un array con los elementos proporcionados'\u001b[39m\u001b[33m,\u001b[39m () \u001b[33m=>\u001b[39m {\u001b[22m\n\u001b[2m    \u001b[31m\u001b[1m>\u001b[22m\u001b[2m\u001b[39m\u001b[90m 20 |\u001b[39m       expect(crearArrayConElementos(\u001b[35m1\u001b[39m\u001b[33m,\u001b[39m \u001b[32m'dos'\u001b[39m\u001b[33m,\u001b[39m \u001b[36mtrue\u001b[39m))\u001b[33m.\u001b[39mtoEqual([\u001b[35m1\u001b[39m\u001b[33m,\u001b[39m \u001b[32m'dos'\u001b[39m\u001b[33m,\u001b[39m \u001b[36mtrue\u001b[39m])\u001b[33m;\u001b[39m\u001b[22m\n\u001b[2m     \u001b[90m    |\u001b[39m                                                      \u001b[31m\u001b[1m^\u001b[22m\u001b[2m\u001b[39m\u001b[22m\n\u001b[2m     \u001b[90m 21 |\u001b[39m     })\u001b[33m;\u001b[39m\u001b[22m\n\u001b[2m     \u001b[90m 22 |\u001b[39m   \u001b[22m\n\u001b[2m     \u001b[90m 23 |\u001b[39m     test(\u001b[32m'crearArrayMixto debe crear un array con diferentes tipos de datos'\u001b[39m\u001b[33m,\u001b[39m () \u001b[33m=>\u001b[39m {\u001b[0m\u001b[22m\n\u001b[2m\u001b[22m\n\u001b[2m      \u001b[2mat Object.<anonymous> (\u001b[22m\u001b[2m\u001b[0m\u001b[36mtests/parte1.test.js\u001b[39m\u001b[0m\u001b[2m:20:54)\u001b[22m\u001b[2m\u001b[22m\n\n\u001b[1m\u001b[31m  \u001b[1m● \u001b[22m\u001b[1mParte 1: Introducción a los arrays › crearArrayMixto debe crear un array con diferentes tipos de datos\u001b[39m\u001b[22m\n\n    \u001b[2mexpect(\u001b[22m\u001b[31mreceived\u001b[39m\u001b[2m).\u001b[22mtoHaveLength\u001b[2m(\u001b[22m\u001b[32mexpected\u001b[39m\u001b[2m)\u001b[22m\n\n    \u001b[1mMatcher error\u001b[22m: \u001b[31mreceived\u001b[39m value must have a length property whose value must be a number\n\n    Received has value: \u001b[31mundefined\u001b[39m\n\u001b[2m\u001b[22m\n\u001b[2m    \u001b[0m \u001b[90m 23 |\u001b[39m     test(\u001b[32m'crearArrayMixto debe crear un array con diferentes tipos de datos'\u001b[39m\u001b[33m,\u001b[39m () \u001b[33m=>\u001b[39m {\u001b[22m\n\u001b[2m     \u001b[90m 24 |\u001b[39m       \u001b[36mconst\u001b[39m resultado \u001b[33m=\u001b[39m crearArrayMixto()\u001b[33m;\u001b[39m\u001b[22m\n\u001b[2m    \u001b[31m\u001b[1m>\u001b[22m\u001b[2m\u001b[39m\u001b[90m 25 |\u001b[39m       expect(resultado)\u001b[33m.\u001b[39mtoHaveLength(\u001b[35m4\u001b[39m)\u001b[33m;\u001b[39m\u001b[22m\n\u001b[2m     \u001b[90m    |\u001b[39m                         \u001b[31m\u001b[1m^\u001b[22m\u001b[2m\u001b[39m\u001b[22m\n\u001b[2m     \u001b[90m 26 |\u001b[39m       expect(resultado)\u001b[33m.\u001b[39mtoEqual(expect\u001b[33m.\u001b[39marrayContaining([expect\u001b[33m.\u001b[39many(\u001b[33mNumber\u001b[39m)\u001b[33m,\u001b[39m expect\u001b[33m.\u001b[39many(\u001b[33mString\u001b[39m)\u001b[33m,\u001b[39m expect\u001b[33m.\u001b[39many(\u001b[33mBoolean\u001b[39m)\u001b[33m,\u001b[39m expect\u001b[33m.\u001b[39many(\u001b[33mObject\u001b[39m)]))\u001b[33m;\u001b[39m\u001b[22m\n\u001b[2m     \u001b[90m 27 |\u001b[39m     })\u001b[33m;\u001b[39m\u001b[22m\n\u001b[2m     \u001b[90m 28 |\u001b[39m   \u001b[0m\u001b[22m\n\u001b[2m\u001b[22m\n\u001b[2m      \u001b[2mat Object.<anonymous> (\u001b[22m\u001b[2m\u001b[0m\u001b[36mtests/parte1.test.js\u001b[39m\u001b[0m\u001b[2m:25:25)\u001b[22m\u001b[2m\u001b[22m\n\n\u001b[1m\u001b[31m  \u001b[1m● \u001b[22m\u001b[1mParte 1: Introducción a los arrays › crearArrayConstructor debe crear un array con la longitud especificada\u001b[39m\u001b[22m\n\n    \u001b[2mexpect(\u001b[22m\u001b[31mreceived\u001b[39m\u001b[2m).\u001b[22mtoHaveLength\u001b[2m(\u001b[22m\u001b[32mexpected\u001b[39m\u001b[2m)\u001b[22m\n\n    \u001b[1mMatcher error\u001b[22m: \u001b[31mreceived\u001b[39m value must have a length property whose value must be a number\n\n    Received has value: \u001b[31mundefined\u001b[39m\n\u001b[2m\u001b[22m\n\u001b[2m    \u001b[0m \u001b[90m 28 |\u001b[39m   \u001b[22m\n\u001b[2m     \u001b[90m 29 |\u001b[39m     test(\u001b[32m'crearArrayConstructor debe crear un array con la longitud especificada'\u001b[39m\u001b[33m,\u001b[39m () \u001b[33m=>\u001b[39m {\u001b[22m\n\u001b[2m    \u001b[31m\u001b[1m>\u001b[22m\u001b[2m\u001b[39m\u001b[90m 30 |\u001b[39m       expect(crearArrayConstructor(\u001b[35m5\u001b[39m))\u001b[33m.\u001b[39mtoHaveLength(\u001b[35m5\u001b[39m)\u001b[33m;\u001b[39m\u001b[22m\n\u001b[2m     \u001b[90m    |\u001b[39m                                        \u001b[31m\u001b[1m^\u001b[22m\u001b[2m\u001b[39m\u001b[22m\n\u001b[2m     \u001b[90m 31 |\u001b[39m     })\u001b[33m;\u001b[39m\u001b[22m\n\u001b[2m     \u001b[90m 32 |\u001b[39m   \u001b[22m\n\u001b[2m     \u001b[90m 33 |\u001b[39m     test(\u001b[32m'crearSecuenciaNumerica debe crear un array con la secuencia especificada'\u001b[39m\u001b[33m,\u001b[39m () \u001b[33m=>\u001b[39m {\u001b[0m\u001b[22m\n\u001b[2m\u001b[22m\n\u001b[2m      \u001b[2mat Object.<anonymous> (\u001b[22m\u001b[2m\u001b[0m\u001b[36mtests/parte1.test.js\u001b[39m\u001b[0m\u001b[2m:30:40)\u001b[22m\u001b[2m\u001b[22m\n\n\u001b[1m\u001b[31m  \u001b[1m● \u001b[22m\u001b[1mParte 1: Introducción a los arrays › crearSecuenciaNumerica debe crear un array con la secuencia especificada\u001b[39m\u001b[22m\n\n    \u001b[2mexpect(\u001b[22m\u001b[31mreceived\u001b[39m\u001b[2m).\u001b[22mtoEqual\u001b[2m(\u001b[22m\u001b[32mexpected\u001b[39m\u001b[2m) // deep equality\u001b[22m\n\n    Expected: \u001b[32m[1, 2, 3, 4, 5]\u001b[39m\n    Received: \u001b[31mundefined\u001b[39m\n\u001b[2m\u001b[22m\n\u001b[2m    \u001b[0m \u001b[90m 32 |\u001b[39m   \u001b[22m\n\u001b[2m     \u001b[90m 33 |\u001b[39m     test(\u001b[32m'crearSecuenciaNumerica debe crear un array con la secuencia especificada'\u001b[39m\u001b[33m,\u001b[39m () \u001b[33m=>\u001b[39m {\u001b[22m\n\u001b[2m    \u001b[31m\u001b[1m>\u001b[22m\u001b[2m\u001b[39m\u001b[90m 34 |\u001b[39m       expect(crearSecuenciaNumerica(\u001b[35m1\u001b[39m\u001b[33m,\u001b[39m \u001b[35m5\u001b[39m))\u001b[33m.\u001b[39mtoEqual([\u001b[35m1\u001b[39m\u001b[33m,\u001b[39m \u001b[35m2\u001b[39m\u001b[33m,\u001b[39m \u001b[35m3\u001b[39m\u001b[33m,\u001b[39m \u001b[35m4\u001b[39m\u001b[33m,\u001b[39m \u001b[35m5\u001b[39m])\u001b[33m;\u001b[39m\u001b[22m\n\u001b[2m     \u001b[90m    |\u001b[39m                                            \u001b[31m\u001b[1m^\u001b[22m\u001b[2m\u001b[39m\u001b[22m\n\u001b[2m     \u001b[90m 35 |\u001b[39m     })\u001b[33m;\u001b[39m\u001b[22m\n\u001b[2m     \u001b[90m 36 |\u001b[39m   \u001b[22m\n\u001b[2m     \u001b[90m 37 |\u001b[39m     test(\u001b[32m'crearArrayRepetido debe crear un array con el valor repetido'\u001b[39m\u001b[33m,\u001b[39m () \u001b[33m=>\u001b[39m {\u001b[0m\u001b[22m\n\u001b[2m\u001b[22m\n\u001b[2m      \u001b[2mat Object.<anonymous> (\u001b[22m\u001b[2m\u001b[0m\u001b[36mtests/parte1.test.js\u001b[39m\u001b[0m\u001b[2m:34:44)\u001b[22m\u001b[2m\u001b[22m\n\n\u001b[1m\u001b[31m  \u001b[1m● \u001b[22m\u001b[1mParte 1: Introducción a los arrays › crearArrayRepetido debe crear un array con el valor repetido\u001b[39m\u001b[22m\n\n    \u001b[2mexpect(\u001b[22m\u001b[31mreceived\u001b[39m\u001b[2m).\u001b[22mtoEqual\u001b[2m(\u001b[22m\u001b[32mexpected\u001b[39m\u001b[2m) // deep equality\u001b[22m\n\n    Expected: \u001b[32m[\"a\", \"a\", \"a\"]\u001b[39m\n    Received: \u001b[31mundefined\u001b[39m\n\u001b[2m\u001b[22m\n\u001b[2m    \u001b[0m \u001b[90m 36 |\u001b[39m   \u001b[22m\n\u001b[2m     \u001b[90m 37 |\u001b[39m     test(\u001b[32m'crearArrayRepetido debe crear un array con el valor repetido'\u001b[39m\u001b[33m,\u001b[39m () \u001b[33m=>\u001b[39m {\u001b[22m\n\u001b[2m    \u001b[31m\u001b[1m>\u001b[22m\u001b[2m\u001b[39m\u001b[90m 38 |\u001b[39m       expect(crearArrayRepetido(\u001b[32m'a'\u001b[39m\u001b[33m,\u001b[39m \u001b[35m3\u001b[39m))\u001b[33m.\u001b[39mtoEqual([\u001b[32m'a'\u001b[39m\u001b[33m,\u001b[39m \u001b[32m'a'\u001b[39m\u001b[33m,\u001b[39m \u001b[32m'a'\u001b[39m])\u001b[33m;\u001b[39m\u001b[22m\n\u001b[2m     \u001b[90m    |\u001b[39m                                          \u001b[31m\u001b[1m^\u001b[22m\u001b[2m\u001b[39m\u001b[22m\n\u001b[2m     \u001b[90m 39 |\u001b[39m     })\u001b[33m;\u001b[39m\u001b[22m\n\u001b[2m     \u001b[90m 40 |\u001b[39m   \u001b[22m\n\u001b[2m     \u001b[90m 41 |\u001b[39m     test(\u001b[32m'crearArrayDesdeCadena debe crear un array a partir de una cadena'\u001b[39m\u001b[33m,\u001b[39m () \u001b[33m=>\u001b[39m {\u001b[0m\u001b[22m\n\u001b[2m\u001b[22m\n\u001b[2m      \u001b[2mat Object.<anonymous> (\u001b[22m\u001b[2m\u001b[0m\u001b[36mtests/parte1.test.js\u001b[39m\u001b[0m\u001b[2m:38:42)\u001b[22m\u001b[2m\u001b[22m\n\n\u001b[1m\u001b[31m  \u001b[1m● \u001b[22m\u001b[1mParte 1: Introducción a los arrays › crearArrayDesdeCadena debe crear un array a partir de una cadena\u001b[39m\u001b[22m\n\n    \u001b[2mexpect(\u001b[22m\u001b[31mreceived\u001b[39m\u001b[2m).\u001b[22mtoEqual\u001b[2m(\u001b[22m\u001b[32mexpected\u001b[39m\u001b[2m) // deep equality\u001b[22m\n\n    Expected: \u001b[32m[\"a\", \"b\", \"c\"]\u001b[39m\n    Received: \u001b[31mundefined\u001b[39m\n\u001b[2m\u001b[22m\n\u001b[2m    \u001b[0m \u001b[90m 40 |\u001b[39m   \u001b[22m\n\u001b[2m     \u001b[90m 41 |\u001b[39m     test(\u001b[32m'crearArrayDesdeCadena debe crear un array a partir de una cadena'\u001b[39m\u001b[33m,\u001b[39m () \u001b[33m=>\u001b[39m {\u001b[22m\n\u001b[2m    \u001b[31m\u001b[1m>\u001b[22m\u001b[2m\u001b[39m\u001b[90m 42 |\u001b[39m       expect(crearArrayDesdeCadena(\u001b[32m'a,b,c'\u001b[39m\u001b[33m,\u001b[39m \u001b[32m','\u001b[39m))\u001b[33m.\u001b[39mtoEqual([\u001b[32m'a'\u001b[39m\u001b[33m,\u001b[39m \u001b[32m'b'\u001b[39m\u001b[33m,\u001b[39m \u001b[32m'c'\u001b[39m])\u001b[33m;\u001b[39m\u001b[22m\n\u001b[2m     \u001b[90m    |\u001b[39m                                                   \u001b[31m\u001b[1m^\u001b[22m\u001b[2m\u001b[39m\u001b[22m\n\u001b[2m     \u001b[90m 43 |\u001b[39m     })\u001b[33m;\u001b[39m\u001b[22m\n\u001b[2m     \u001b[90m 44 |\u001b[39m   \u001b[22m\n\u001b[2m     \u001b[90m 45 |\u001b[39m     test(\u001b[32m'combinarArrays debe combinar dos arrays'\u001b[39m\u001b[33m,\u001b[39m () \u001b[33m=>\u001b[39m {\u001b[0m\u001b[22m\n\u001b[2m\u001b[22m\n\u001b[2m      \u001b[2mat Object.<anonymous> (\u001b[22m\u001b[2m\u001b[0m\u001b[36mtests/parte1.test.js\u001b[39m\u001b[0m\u001b[2m:42:51)\u001b[22m\u001b[2m\u001b[22m\n\n\u001b[1m\u001b[31m  \u001b[1m● \u001b[22m\u001b[1mParte 1: Introducción a los arrays › combinarArrays debe combinar dos arrays\u001b[39m\u001b[22m\n\n    \u001b[2mexpect(\u001b[22m\u001b[31mreceived\u001b[39m\u001b[2m).\u001b[22mtoEqual\u001b[2m(\u001b[22m\u001b[32mexpected\u001b[39m\u001b[2m) // deep equality\u001b[22m\n\n    Expected: \u001b[32m[1, 2, 3, 4]\u001b[39m\n    Received: \u001b[31mundefined\u001b[39m\n\u001b[2m\u001b[22m\n\u001b[2m    \u001b[0m \u001b[90m 44 |\u001b[39m   \u001b[22m\n\u001b[2m     \u001b[90m 45 |\u001b[39m     test(\u001b[32m'combinarArrays debe combinar dos arrays'\u001b[39m\u001b[33m,\u001b[39m () \u001b[33m=>\u001b[39m {\u001b[22m\n\u001b[2m    \u001b[31m\u001b[1m>\u001b[22m\u001b[2m\u001b[39m\u001b[90m 46 |\u001b[39m       expect(combinarArrays([\u001b[35m1\u001b[39m\u001b[33m,\u001b[39m \u001b[35m2\u001b[39m]\u001b[33m,\u001b[39m [\u001b[35m3\u001b[39m\u001b[33m,\u001b[39m \u001b[35m4\u001b[39m]))\u001b[33m.\u001b[39mtoEqual([\u001b[35m1\u001b[39m\u001b[33m,\u001b[39m \u001b[35m2\u001b[39m\u001b[33m,\u001b[39m \u001b[35m3\u001b[39m\u001b[33m,\u001b[39m \u001b[35m4\u001b[39m])\u001b[33m;\u001b[39m\u001b[22m\n\u001b[2m     \u001b[90m    |\u001b[39m                                              \u001b[31m\u001b[1m^\u001b[22m\u001b[2m\u001b[39m\u001b[22m\n\u001b[2m     \u001b[90m 47 |\u001b[39m     })\u001b[33m;\u001b[39m\u001b[22m\n\u001b[2m     \u001b[90m 48 |\u001b[39m   \u001b[22m\n\u001b[2m     \u001b[90m 49 |\u001b[39m     test(\u001b[32m'crearArrayUnico debe crear un array con valores únicos'\u001b[39m\u001b[33m,\u001b[39m () \u001b[33m=>\u001b[39m {\u001b[0m\u001b[22m\n\u001b[2m\u001b[22m\n\u001b[2m      \u001b[2mat Object.<anonymous> (\u001b[22m\u001b[2m\u001b[0m\u001b[36mtests/parte1.test.js\u001b[39m\u001b[0m\u001b[2m:46:46)\u001b[22m\u001b[2m\u001b[22m\n\n\u001b[1m\u001b[31m  \u001b[1m● \u001b[22m\u001b[1mParte 1: Introducción a los arrays › crearArrayUnico debe crear un array con valores únicos\u001b[39m\u001b[22m\n\n    \u001b[2mexpect(\u001b[22m\u001b[31mreceived\u001b[39m\u001b[2m).\u001b[22mtoEqual\u001b[2m(\u001b[22m\u001b[32mexpected\u001b[39m\u001b[2m) // deep equality\u001b[22m\n\n    Expected: \u001b[32m[1, 2, 3, 4]\u001b[39m\n    Received: \u001b[31mundefined\u001b[39m\n\u001b[2m\u001b[22m\n\u001b[2m    \u001b[0m \u001b[90m 48 |\u001b[39m   \u001b[22m\n\u001b[2m     \u001b[90m 49 |\u001b[39m     test(\u001b[32m'crearArrayUnico debe crear un array con valores únicos'\u001b[39m\u001b[33m,\u001b[39m () \u001b[33m=>\u001b[39m {\u001b[22m\n\u001b[2m    \u001b[31m\u001b[1m>\u001b[22m\u001b[2m\u001b[39m\u001b[90m 50 |\u001b[39m       expect(crearArrayUnico([\u001b[35m1\u001b[39m\u001b[33m,\u001b[39m \u001b[35m2\u001b[39m\u001b[33m,\u001b[39m \u001b[35m2\u001b[39m\u001b[33m,\u001b[39m \u001b[35m3\u001b[39m\u001b[33m,\u001b[39m \u001b[35m3\u001b[39m\u001b[33m,\u001b[39m \u001b[35m4\u001b[39m]))\u001b[33m.\u001b[39mtoEqual([\u001b[35m1\u001b[39m\u001b[33m,\u001b[39m \u001b[35m2\u001b[39m\u001b[33m,\u001b[39m \u001b[35m3\u001b[39m\u001b[33m,\u001b[39m \u001b[35m4\u001b[39m])\u001b[33m;\u001b[39m\u001b[22m\n\u001b[2m     \u001b[90m    |\u001b[39m                                                   \u001b[31m\u001b[1m^\u001b[22m\u001b[2m\u001b[39m\u001b[22m\n\u001b[2m     \u001b[90m 51 |\u001b[39m     })\u001b[33m;\u001b[39m\u001b[22m\n\u001b[2m     \u001b[90m 52 |\u001b[39m   \u001b[22m\n\u001b[2m     \u001b[90m 53 |\u001b[39m     test(\u001b[32m'generarArrayDinamico debe crear un array con valores generados dinámicamente'\u001b[39m\u001b[33m,\u001b[39m () \u001b[33m=>\u001b[39m {\u001b[0m\u001b[22m\n\u001b[2m\u001b[22m\n\u001b[2m      \u001b[2mat Object.<anonymous> (\u001b[22m\u001b[2m\u001b[0m\u001b[36mtests/parte1.test.js\u001b[39m\u001b[0m\u001b[2m:50:51)\u001b[22m\u001b[2m\u001b[22m\n\n\u001b[1m\u001b[31m  \u001b[1m● \u001b[22m\u001b[1mParte 1: Introducción a los arrays › generarArrayDinamico debe crear un array con valores generados dinámicamente\u001b[39m\u001b[22m\n\n    \u001b[2mexpect(\u001b[22m\u001b[31mreceived\u001b[39m\u001b[2m).\u001b[22mtoEqual\u001b[2m(\u001b[22m\u001b[32mexpected\u001b[39m\u001b[2m) // deep equality\u001b[22m\n\n    Expected: \u001b[32m[0, 2, 4, 6, 8]\u001b[39m\n    Received: \u001b[31mundefined\u001b[39m\n\u001b[2m\u001b[22m\n\u001b[2m    \u001b[0m \u001b[90m 53 |\u001b[39m     test(\u001b[32m'generarArrayDinamico debe crear un array con valores generados dinámicamente'\u001b[39m\u001b[33m,\u001b[39m () \u001b[33m=>\u001b[39m {\u001b[22m\n\u001b[2m     \u001b[90m 54 |\u001b[39m       \u001b[36mconst\u001b[39m resultado \u001b[33m=\u001b[39m generarArrayDinamico(\u001b[35m5\u001b[39m\u001b[33m,\u001b[39m (index) \u001b[33m=>\u001b[39m index \u001b[33m*\u001b[39m \u001b[35m2\u001b[39m)\u001b[33m;\u001b[39m\u001b[22m\n\u001b[2m    \u001b[31m\u001b[1m>\u001b[22m\u001b[2m\u001b[39m\u001b[90m 55 |\u001b[39m       expect(resultado)\u001b[33m.\u001b[39mtoEqual([\u001b[35m0\u001b[39m\u001b[33m,\u001b[39m \u001b[35m2\u001b[39m\u001b[33m,\u001b[39m \u001b[35m4\u001b[39m\u001b[33m,\u001b[39m \u001b[35m6\u001b[39m\u001b[33m,\u001b[39m \u001b[35m8\u001b[39m])\u001b[33m;\u001b[39m\u001b[22m\n\u001b[2m     \u001b[90m    |\u001b[39m                         \u001b[31m\u001b[1m^\u001b[22m\u001b[2m\u001b[39m\u001b[22m\n\u001b[2m     \u001b[90m 56 |\u001b[39m     })\u001b[33m;\u001b[39m\u001b[22m\n\u001b[2m     \u001b[90m 57 |\u001b[39m   })\u001b[33m;\u001b[39m\u001b[0m\u001b[22m\n\u001b[2m\u001b[22m\n\u001b[2m      \u001b[2mat Object.<anonymous> (\u001b[22m\u001b[2m\u001b[0m\u001b[36mtests/parte1.test.js\u001b[39m\u001b[0m\u001b[2m:55:25)\u001b[22m\u001b[2m\u001b[22m\n","name":"/workspaces/ejercicios-arrays/tests/parte1.test.js","startTime":1729273974596,"status":"failed","summary":""}],"wasInterrupted":false}